[    1429ms] [ERROR] Failed to load resource: the server responded with a status of 404 () @ https://posicionamientoweb.club/favicon.ico:0
[   16564ms] [LOG] 40 @ https://posicionamientoweb.club/:34
[   16566ms] [LOG] page_title:Espere 40s @ https://posicionamientoweb.club/:34
[   17068ms] [LOG] ping @ https://posicionamientoweb.club/:34
[   17567ms] [LOG] 39 @ https://posicionamientoweb.club/:34
[   17567ms] [LOG] page_title:Espere 39s @ https://posicionamientoweb.club/:34
[   18082ms] [LOG] ping @ https://posicionamientoweb.club/:34
[   18579ms] [LOG] 38 @ https://posicionamientoweb.club/:34
[   18580ms] [LOG] page_title:Espere 38s @ https://posicionamientoweb.club/:34
[   19092ms] [LOG] ping @ https://posicionamientoweb.club/:34
[   19591ms] [LOG] 37 @ https://posicionamientoweb.club/:34
[   19592ms] [LOG] page_title:Espere 37s @ https://posicionamientoweb.club/:34
[   20099ms] [LOG] ping @ https://posicionamientoweb.club/:34
[   20606ms] [LOG] 36 @ https://posicionamientoweb.club/:34
[   20606ms] [LOG] page_title:Espere 36s @ https://posicionamientoweb.club/:34
[   21119ms] [LOG] ping @ https://posicionamientoweb.club/:34
[   21607ms] [LOG] 35 @ https://posicionamientoweb.club/:34
[   21608ms] [LOG] page_title:Espere 35s @ https://posicionamientoweb.club/:34
[   22126ms] [LOG] ping @ https://posicionamientoweb.club/:34
[   22611ms] [LOG] 34 @ https://posicionamientoweb.club/:34
[   22612ms] [LOG] page_title:Espere 34s @ https://posicionamientoweb.club/:34
[   23142ms] [LOG] ping @ https://posicionamientoweb.club/:34
[   23625ms] [LOG] 33 @ https://posicionamientoweb.club/:34
[   23625ms] [LOG] page_title:Espere 33s @ https://posicionamientoweb.club/:34
[   24167ms] [LOG] ping @ https://posicionamientoweb.club/:34
[   24637ms] [LOG] 32 @ https://posicionamientoweb.club/:34
[   24638ms] [LOG] page_title:Espere 32s @ https://posicionamientoweb.club/:34
[   25183ms] [LOG] ping @ https://posicionamientoweb.club/:34
[   25640ms] [LOG] 31 @ https://posicionamientoweb.club/:34
[   25640ms] [LOG] page_title:Espere 31s @ https://posicionamientoweb.club/:34
[   26195ms] [LOG] ping @ https://posicionamientoweb.club/:34
[   26646ms] [LOG] 30 @ https://posicionamientoweb.club/:34
[   26646ms] [LOG] page_title:Espere 30s @ https://posicionamientoweb.club/:34
[   27202ms] [LOG] ping @ https://posicionamientoweb.club/:34
[   27649ms] [LOG] 29 @ https://posicionamientoweb.club/:34
[   27650ms] [LOG] page_title:Espere 29s @ https://posicionamientoweb.club/:34
[   28230ms] [LOG] ping @ https://posicionamientoweb.club/:34
[   28652ms] [LOG] 28 @ https://posicionamientoweb.club/:34
[   28652ms] [LOG] page_title:Espere 28s @ https://posicionamientoweb.club/:34
[   29258ms] [LOG] ping @ https://posicionamientoweb.club/:34
[   29655ms] [LOG] 27 @ https://posicionamientoweb.club/:34
[   29656ms] [LOG] page_title:Espere 27s @ https://posicionamientoweb.club/:34
[   30263ms] [LOG] ping @ https://posicionamientoweb.club/:34
[   30664ms] [LOG] 26 @ https://posicionamientoweb.club/:34
[   30665ms] [LOG] page_title:Espere 26s @ https://posicionamientoweb.club/:34
[   31272ms] [LOG] ping @ https://posicionamientoweb.club/:34
[   31678ms] [LOG] 25 @ https://posicionamientoweb.club/:34
[   31679ms] [LOG] page_title:Espere 25s @ https://posicionamientoweb.club/:34
[   32284ms] [LOG] ping @ https://posicionamientoweb.club/:34
[   32677ms] [LOG] 24 @ https://posicionamientoweb.club/:34
[   32678ms] [LOG] page_title:Espere 24s @ https://posicionamientoweb.club/:34
[   33298ms] [LOG] ping @ https://posicionamientoweb.club/:34
[   33689ms] [LOG] 23 @ https://posicionamientoweb.club/:34
[   33690ms] [LOG] page_title:Espere 23s @ https://posicionamientoweb.club/:34
[   34311ms] [LOG] ping @ https://posicionamientoweb.club/:34
[   34691ms] [LOG] 22 @ https://posicionamientoweb.club/:34
[   34692ms] [LOG] page_title:Espere 22s @ https://posicionamientoweb.club/:34
[   35337ms] [LOG] ping @ https://posicionamientoweb.club/:34
[   35695ms] [LOG] 21 @ https://posicionamientoweb.club/:34
[   35695ms] [LOG] page_title:Espere 21s @ https://posicionamientoweb.club/:34
[   36364ms] [LOG] ping @ https://posicionamientoweb.club/:34
[   36710ms] [LOG] 20 @ https://posicionamientoweb.club/:34
[   36710ms] [LOG] page_title:Espere 20s @ https://posicionamientoweb.club/:34
[   37390ms] [LOG] ping @ https://posicionamientoweb.club/:34
[   37716ms] [LOG] 19 @ https://posicionamientoweb.club/:34
[   37717ms] [LOG] page_title:Espere 19s @ https://posicionamientoweb.club/:34
[   38408ms] [LOG] ping @ https://posicionamientoweb.club/:34
[   38720ms] [LOG] 18 @ https://posicionamientoweb.club/:34
[   38720ms] [LOG] page_title:Espere 18s @ https://posicionamientoweb.club/:34
[   39426ms] [LOG] ping @ https://posicionamientoweb.club/:34
[   39729ms] [LOG] 17 @ https://posicionamientoweb.club/:34
[   39730ms] [LOG] page_title:Espere 17s @ https://posicionamientoweb.club/:34
[   40439ms] [LOG] ping @ https://posicionamientoweb.club/:34
[   40733ms] [LOG] 16 @ https://posicionamientoweb.club/:34
[   40734ms] [LOG] page_title:Espere 16s @ https://posicionamientoweb.club/:34
[   41462ms] [LOG] ping @ https://posicionamientoweb.club/:34
[   41745ms] [LOG] 15 @ https://posicionamientoweb.club/:34
[   41745ms] [LOG] page_title:Espere 15s @ https://posicionamientoweb.club/:34
[   42480ms] [LOG] ping @ https://posicionamientoweb.club/:34
[   42755ms] [LOG] 14 @ https://posicionamientoweb.club/:34
[   42756ms] [LOG] page_title:Espere 14s @ https://posicionamientoweb.club/:34
[   43504ms] [LOG] ping @ https://posicionamientoweb.club/:34
[   43762ms] [LOG] 13 @ https://posicionamientoweb.club/:34
[   43763ms] [LOG] page_title:Espere 13s @ https://posicionamientoweb.club/:34
[   44522ms] [LOG] ping @ https://posicionamientoweb.club/:34
[   44772ms] [LOG] 12 @ https://posicionamientoweb.club/:34
[   44773ms] [LOG] page_title:Espere 12s @ https://posicionamientoweb.club/:34
[   45539ms] [LOG] ping @ https://posicionamientoweb.club/:34
[   45785ms] [LOG] 11 @ https://posicionamientoweb.club/:34
[   45785ms] [LOG] page_title:Espere 11s @ https://posicionamientoweb.club/:34
[   46550ms] [LOG] ping @ https://posicionamientoweb.club/:34
[   46798ms] [LOG] 10 @ https://posicionamientoweb.club/:34
[   46799ms] [LOG] page_title:Espere 10s @ https://posicionamientoweb.club/:34
[   47564ms] [LOG] ping @ https://posicionamientoweb.club/:34
[   47815ms] [LOG] 9 @ https://posicionamientoweb.club/:34
[   47816ms] [LOG] page_title:Espere 9s @ https://posicionamientoweb.club/:34
[   48591ms] [LOG] ping @ https://posicionamientoweb.club/:34
[   48828ms] [LOG] 8 @ https://posicionamientoweb.club/:34
[   48828ms] [LOG] page_title:Espere 8s @ https://posicionamientoweb.club/:34
[   49607ms] [LOG] ping @ https://posicionamientoweb.club/:34
[   49830ms] [LOG] 7 @ https://posicionamientoweb.club/:34
[   49830ms] [LOG] page_title:Espere 7s @ https://posicionamientoweb.club/:34
[   50641ms] [LOG] ping @ https://posicionamientoweb.club/:34
[   50845ms] [LOG] 6 @ https://posicionamientoweb.club/:34
[   50845ms] [LOG] page_title:Espere 6s @ https://posicionamientoweb.club/:34
[   51670ms] [LOG] ping @ https://posicionamientoweb.club/:34
[   51858ms] [LOG] 5 @ https://posicionamientoweb.club/:34
[   51858ms] [LOG] page_title:Espere 5s @ https://posicionamientoweb.club/:34
[   52698ms] [LOG] ping @ https://posicionamientoweb.club/:34
[   52858ms] [LOG] 4 @ https://posicionamientoweb.club/:34
[   52859ms] [LOG] page_title:Espere 4s @ https://posicionamientoweb.club/:34
[   53716ms] [LOG] ping @ https://posicionamientoweb.club/:34
[   53858ms] [LOG] 3 @ https://posicionamientoweb.club/:34
[   53859ms] [LOG] page_title:Espere 3s @ https://posicionamientoweb.club/:34
[   54730ms] [LOG] ping @ https://posicionamientoweb.club/:34
[   54871ms] [LOG] 2 @ https://posicionamientoweb.club/:34
[   54871ms] [LOG] page_title:Espere 2s @ https://posicionamientoweb.club/:34
[   55758ms] [LOG] ping @ https://posicionamientoweb.club/:34
[   55883ms] [LOG] 1 @ https://posicionamientoweb.club/:34
[   55884ms] [LOG] page_title:Espere 1s @ https://posicionamientoweb.club/:34
[   56772ms] [LOG] ping @ https://posicionamientoweb.club/:34
[   56897ms] [LOG] __closed__ @ https://posicionamientoweb.club/:34
[   56898ms] [LOG] page_title:Espere 0s @ https://posicionamientoweb.club/:34
[   57802ms] [LOG] ping @ https://posicionamientoweb.club/:34
[   57912ms] [LOG] page_title:Contenido desbloqueado correctamente! @ https://posicionamientoweb.club/:34
[   57912ms] [LOG] __done__ @ https://posicionamientoweb.club/:34
[   58831ms] [LOG] ping @ https://posicionamientoweb.club/:34
